<?xml version="1.0" encoding="UTF-8"?>
<testsuite xmlns:xsi="http://www.w3.org/2001/XMLSchema-instance" xsi:noNamespaceSchemaLocation="https://maven.apache.org/surefire/maven-surefire-plugin/xsd/surefire-test-report-3.0.xsd" version="3.0" name="datastruct.MyUnsortedListTest" time="7.112" tests="18" errors="0" skipped="0" failures="0">
  <properties>
    <property name="java.specification.version" value="23"/>
    <property name="sun.cpu.isalist" value="amd64"/>
    <property name="sun.jnu.encoding" value="Cp1252"/>
    <property name="java.class.path" value="C:\Users\Justine\Documents\Fac\M1_INFO\S2\DevOps\TP\TP3\unsorted_list\target\test-classes;C:\Users\Justine\Documents\Fac\M1_INFO\S2\DevOps\TP\TP3\unsorted_list\target\classes;C:\Users\Justine\.m2\repository\org\junit\jupiter\junit-jupiter-api\5.9.2\junit-jupiter-api-5.9.2.jar;C:\Users\Justine\.m2\repository\org\opentest4j\opentest4j\1.2.0\opentest4j-1.2.0.jar;C:\Users\Justine\.m2\repository\org\junit\platform\junit-platform-commons\1.9.2\junit-platform-commons-1.9.2.jar;C:\Users\Justine\.m2\repository\org\apiguardian\apiguardian-api\1.1.2\apiguardian-api-1.1.2.jar;C:\Users\Justine\.m2\repository\org\junit\jupiter\junit-jupiter-engine\5.9.2\junit-jupiter-engine-5.9.2.jar;C:\Users\Justine\.m2\repository\org\junit\platform\junit-platform-engine\1.9.2\junit-platform-engine-1.9.2.jar;C:\Users\Justine\.m2\repository\org\assertj\assertj-core\3.23.1\assertj-core-3.23.1.jar;C:\Users\Justine\.m2\repository\net\bytebuddy\byte-buddy\1.12.10\byte-buddy-1.12.10.jar;"/>
    <property name="java.vm.vendor" value="Oracle Corporation"/>
    <property name="sun.arch.data.model" value="64"/>
    <property name="user.variant" value=""/>
    <property name="java.vendor.url" value="https://java.oracle.com/"/>
    <property name="user.timezone" value="Europe/Paris"/>
    <property name="os.name" value="Windows 10"/>
    <property name="java.vm.specification.version" value="23"/>
    <property name="sun.java.launcher" value="SUN_STANDARD"/>
    <property name="user.country" value="FR"/>
    <property name="sun.boot.library.path" value="C:\Program Files\Java\jdk-23\bin"/>
    <property name="sun.java.command" value="C:\Users\Justine\AppData\Local\Temp\surefire10493544606616576532\surefirebooter-20250219105847002_24.jar C:\Users\Justine\AppData\Local\Temp\surefire10493544606616576532 2025-02-19T10-58-11_461-jvmRun1 surefire-20250219105847002_22tmp surefire_1-20250219105847002_23tmp"/>
    <property name="jdk.debug" value="release"/>
    <property name="surefire.test.class.path" value="C:\Users\Justine\Documents\Fac\M1_INFO\S2\DevOps\TP\TP3\unsorted_list\target\test-classes;C:\Users\Justine\Documents\Fac\M1_INFO\S2\DevOps\TP\TP3\unsorted_list\target\classes;C:\Users\Justine\.m2\repository\org\junit\jupiter\junit-jupiter-api\5.9.2\junit-jupiter-api-5.9.2.jar;C:\Users\Justine\.m2\repository\org\opentest4j\opentest4j\1.2.0\opentest4j-1.2.0.jar;C:\Users\Justine\.m2\repository\org\junit\platform\junit-platform-commons\1.9.2\junit-platform-commons-1.9.2.jar;C:\Users\Justine\.m2\repository\org\apiguardian\apiguardian-api\1.1.2\apiguardian-api-1.1.2.jar;C:\Users\Justine\.m2\repository\org\junit\jupiter\junit-jupiter-engine\5.9.2\junit-jupiter-engine-5.9.2.jar;C:\Users\Justine\.m2\repository\org\junit\platform\junit-platform-engine\1.9.2\junit-platform-engine-1.9.2.jar;C:\Users\Justine\.m2\repository\org\assertj\assertj-core\3.23.1\assertj-core-3.23.1.jar;C:\Users\Justine\.m2\repository\net\bytebuddy\byte-buddy\1.12.10\byte-buddy-1.12.10.jar;"/>
    <property name="sun.cpu.endian" value="little"/>
    <property name="user.home" value="C:\Users\Justine"/>
    <property name="user.language" value="fr"/>
    <property name="java.specification.vendor" value="Oracle Corporation"/>
    <property name="java.version.date" value="2024-09-17"/>
    <property name="java.home" value="C:\Program Files\Java\jdk-23"/>
    <property name="file.separator" value="\"/>
    <property name="basedir" value="C:\Users\Justine\Documents\Fac\M1_INFO\S2\DevOps\TP\TP3\unsorted_list"/>
    <property name="java.vm.compressedOopsMode" value="32-bit"/>
    <property name="line.separator" value="&#10;"/>
    <property name="java.vm.specification.vendor" value="Oracle Corporation"/>
    <property name="java.specification.name" value="Java Platform API Specification"/>
    <property name="surefire.real.class.path" value="C:\Users\Justine\AppData\Local\Temp\surefire10493544606616576532\surefirebooter-20250219105847002_24.jar"/>
    <property name="user.script" value=""/>
    <property name="sun.management.compiler" value="HotSpot 64-Bit Tiered Compilers"/>
    <property name="java.runtime.version" value="23+37-2369"/>
    <property name="user.name" value="Justine"/>
    <property name="stdout.encoding" value="Cp1252"/>
    <property name="path.separator" value=";"/>
    <property name="os.version" value="10.0"/>
    <property name="java.runtime.name" value="Java(TM) SE Runtime Environment"/>
    <property name="file.encoding" value="UTF-8"/>
    <property name="java.vm.name" value="Java HotSpot(TM) 64-Bit Server VM"/>
    <property name="localRepository" value="C:\Users\Justine\.m2\repository"/>
    <property name="java.vendor.url.bug" value="https://bugreport.java.com/bugreport/"/>
    <property name="java.io.tmpdir" value="C:\Users\Justine\AppData\Local\Temp\"/>
    <property name="java.version" value="23"/>
    <property name="user.dir" value="C:\Users\Justine\Documents\Fac\M1_INFO\S2\DevOps\TP\TP3\unsorted_list"/>
    <property name="os.arch" value="amd64"/>
    <property name="java.vm.specification.name" value="Java Virtual Machine Specification"/>
    <property name="sun.os.patch.level" value=""/>
    <property name="native.encoding" value="Cp1252"/>
    <property name="java.library.path" value="C:\Program Files\Java\jdk-23\bin;C:\Windows\Sun\Java\bin;C:\Windows\system32;C:\Windows;C:\Program Files\Common Files\Oracle\Java\javapath;C:\Program Files (x86)\Common Files\Oracle\Java\java8path;C:\Program Files (x86)\Common Files\Oracle\Java\javapath;C:\Windows\system32;C:\Windows;C:\Windows\System32\Wbem;C:\Windows\System32\WindowsPowerShell\v1.0\;C:\Windows\System32\OpenSSH\;D:\apache-maven-3.9.9\bin;C:\Users\Justine\AppData\Local\Programs\Python\Launcher\;C:\Users\Justine\AppData\Local\Microsoft\WindowsApps;C:\Users\Justine\AppData\Local\Programs\Microsoft VS Code\bin;D:\Git_VsCode\Git\cmd;."/>
    <property name="java.vm.info" value="mixed mode, sharing"/>
    <property name="stderr.encoding" value="Cp1252"/>
    <property name="java.vendor" value="Oracle Corporation"/>
    <property name="java.vm.version" value="23+37-2369"/>
    <property name="sun.io.unicode.encoding" value="UnicodeLittle"/>
    <property name="java.class.version" value="67.0"/>
  </properties>
  <testcase name="testEgaliteAvecListesDifferent" classname="datastruct.MyUnsortedListTest" time="0.045"/>
  <testcase name="testRemoveAUnePositionSpecifique" classname="datastruct.MyUnsortedListTest" time="0.004"/>
  <testcase name="testInsertAUnePositionInvalide" classname="datastruct.MyUnsortedListTest" time="0.003"/>
  <testcase name="testGrandeListe" classname="datastruct.MyUnsortedListTest" time="7.006"/>
  <testcase name="testListeAvecUnSeulElement" classname="datastruct.MyUnsortedListTest" time="0.002"/>
  <testcase name="testToString" classname="datastruct.MyUnsortedListTest" time="0.001"/>
  <testcase name="testInsererAPositionValide" classname="datastruct.MyUnsortedListTest" time="0.002"/>
  <testcase name="testInsererAPositionInvalide" classname="datastruct.MyUnsortedListTest" time="0.001"/>
  <testcase name="testEgaliteAvecListesDeTailleDifferent" classname="datastruct.MyUnsortedListTest" time="0.002"/>
  <testcase name="testRemoveAvecIndiceInvalide" classname="datastruct.MyUnsortedListTest" time="0.001"/>
  <testcase name="testPopSurListeVide" classname="datastruct.MyUnsortedListTest" time="0.002"/>
  <testcase name="testEgaliteAvecListesIdentiques" classname="datastruct.MyUnsortedListTest" time="0.001"/>
  <testcase name="testOrderAppend" classname="datastruct.MyUnsortedListTest" time="0.001"/>
  <testcase name="testPopLastSurListeVide" classname="datastruct.MyUnsortedListTest" time="0.001"/>
  <testcase name="testListeAvecElementsIdentiques" classname="datastruct.MyUnsortedListTest" time="0.001"/>
  <testcase name="testAppendNull" classname="datastruct.MyUnsortedListTest" time="0.001"/>
  <testcase name="testOrderPrepend" classname="datastruct.MyUnsortedListTest" time="0.001"/>
  <testcase name="testPrependEtAppend" classname="datastruct.MyUnsortedListTest" time="0"/>
</testsuite>